# JRE version: OpenJDK Runtime Environment (8.0_292-b10) (build 1.8.0_292-b10)
# Java VM: OpenJDK 64-Bit Server VM (25.292-b10 mixed mode windows-amd64 compressed oops)
Heap:
 PSYoungGen      total 114176K, used 907K [0x00000000f5580000, 0x0000000100000000, 0x0000000100000000)
  eden space 56320K, 1% used [0x00000000f5580000,0x00000000f5662e08,0x00000000f8c80000)
  from space 57856K, 0% used [0x00000000fc400000,0x00000000fc400000,0x00000000ffc80000)
  to   space 56832K, 0% used [0x00000000f8c80000,0x00000000f8c80000,0x00000000fc400000)
 ParOldGen       total 349696K, used 310912K [0x00000000e0000000, 0x00000000f5580000, 0x00000000f5580000)
  object space 349696K, 88% used [0x00000000e0000000,0x00000000f2fa0050,0x00000000f5580000)
 Metaspace       used 37284K, capacity 37665K, committed 38016K, reserved 1083392K
  class space    used 4587K, capacity 4696K, committed 4736K, reserved 1048576K
GC Heap History (10 events):
Event: 2514.247 GC heap before
{Heap before GC invocations=17 (full 5):
 PSYoungGen      total 113664K, used 256K [0x00000000f5580000, 0x00000000ffd00000, 0x0000000100000000)
  eden space 55808K, 0% used [0x00000000f5580000,0x00000000f5580000,0x00000000f8c00000)
  from space 57856K, 0% used [0x00000000fc480000,0x00000000fc4c0000,0x00000000ffd00000)
  to   space 57856K, 0% used [0x00000000f8c00000,0x00000000f8c00000,0x00000000fc480000)
 ParOldGen       total 195584K, used 37577K [0x00000000e0000000, 0x00000000ebf00000, 0x00000000f5580000)
  object space 195584K, 19% used [0x00000000e0000000,0x00000000e24b26d8,0x00000000ebf00000)
 Metaspace       used 37057K, capacity 37441K, committed 38016K, reserved 1083392K
  class space    used 4555K, capacity 4658K, committed 4736K, reserved 1048576K
Event: 2514.317 GC heap after
Heap after GC invocations=17 (full 5):
 PSYoungGen      total 113664K, used 0K [0x00000000f5580000, 0x00000000ffd00000, 0x0000000100000000)
  eden space 55808K, 0% used [0x00000000f5580000,0x00000000f5580000,0x00000000f8c00000)
  from space 57856K, 0% used [0x00000000fc480000,0x00000000fc480000,0x00000000ffd00000)
  to   space 57856K, 0% used [0x00000000f8c00000,0x00000000f8c00000,0x00000000fc480000)
 ParOldGen       total 195584K, used 37564K [0x00000000e0000000, 0x00000000ebf00000, 0x00000000f5580000)
  object space 195584K, 19% used [0x00000000e0000000,0x00000000e24af150,0x00000000ebf00000)
 Metaspace       used 37057K, capacity 37441K, committed 38016K, reserved 1083392K
  class space    used 4555K, capacity 4658K, committed 4736K, reserved 1048576K
}
Event: 2515.493 GC heap before
{Heap before GC invocations=18 (full 5):
 PSYoungGen      total 113664K, used 1300K [0x00000000f5580000, 0x00000000ffd00000, 0x0000000100000000)
  eden space 55808K, 2% used [0x00000000f5580000,0x00000000f56c52f0,0x00000000f8c00000)
  from space 57856K, 0% used [0x00000000fc480000,0x00000000fc480000,0x00000000ffd00000)
  to   space 57856K, 0% used [0x00000000f8c00000,0x00000000f8c00000,0x00000000fc480000)
 ParOldGen       total 349696K, used 319142K [0x00000000e0000000, 0x00000000f5580000, 0x00000000f5580000)
  object space 349696K, 91% used [0x00000000e0000000,0x00000000f37a99f0,0x00000000f5580000)
 Metaspace       used 37112K, capacity 37505K, committed 38016K, reserved 1083392K
  class space    used 4560K, capacity 4658K, committed 4736K, reserved 1048576K
Event: 2515.495 GC heap after
Heap after GC invocations=18 (full 5):
 PSYoungGen      total 55808K, used 357K [0x00000000f5580000, 0x00000000ffc80000, 0x0000000100000000)
  eden space 55296K, 0% used [0x00000000f5580000,0x00000000f5580000,0x00000000f8b80000)
  from space 512K, 69% used [0x00000000f8c00000,0x00000000f8c59600,0x00000000f8c80000)
  to   space 57856K, 0% used [0x00000000fc400000,0x00000000fc400000,0x00000000ffc80000)
 ParOldGen       total 349696K, used 319142K [0x00000000e0000000, 0x00000000f5580000, 0x00000000f5580000)
  object space 349696K, 91% used [0x00000000e0000000,0x00000000f37a99f0,0x00000000f5580000)
 Metaspace       used 37112K, capacity 37505K, committed 38016K, reserved 1083392K
  class space    used 4560K, capacity 4658K, committed 4736K, reserved 1048576K
}
Event: 2515.495 GC heap before
{Heap before GC invocations=19 (full 6):
 PSYoungGen      total 55808K, used 357K [0x00000000f5580000, 0x00000000ffc80000, 0x0000000100000000)
  eden space 55296K, 0% used [0x00000000f5580000,0x00000000f5580000,0x00000000f8b80000)
  from space 512K, 69% used [0x00000000f8c00000,0x00000000f8c59600,0x00000000f8c80000)
  to   space 57856K, 0% used [0x00000000fc400000,0x00000000fc400000,0x00000000ffc80000)
 ParOldGen       total 349696K, used 319142K [0x00000000e0000000, 0x00000000f5580000, 0x00000000f5580000)
  object space 349696K, 91% used [0x00000000e0000000,0x00000000f37a99f0,0x00000000f5580000)
 Metaspace       used 37112K, capacity 37505K, committed 38016K, reserved 1083392K
  class space    used 4560K, capacity 4658K, committed 4736K, reserved 1048576K
Event: 2515.578 GC heap after
Heap after GC invocations=19 (full 6):
 PSYoungGen      total 55808K, used 0K [0x00000000f5580000, 0x00000000ffc80000, 0x0000000100000000)
  eden space 55296K, 0% used [0x00000000f5580000,0x00000000f5580000,0x00000000f8b80000)
  from space 512K, 0% used [0x00000000f8c00000,0x00000000f8c00000,0x00000000f8c80000)
  to   space 57856K, 0% used [0x00000000fc400000,0x00000000fc400000,0x00000000ffc80000)
 ParOldGen       total 349696K, used 318542K [0x00000000e0000000, 0x00000000f5580000, 0x00000000f5580000)
  object space 349696K, 91% used [0x00000000e0000000,0x00000000f3713a10,0x00000000f5580000)
 Metaspace       used 37112K, capacity 37505K, committed 38016K, reserved 1083392K
  class space    used 4560K, capacity 4658K, committed 4736K, reserved 1048576K
}
Event: 2515.579 GC heap before
{Heap before GC invocations=20 (full 6):
 PSYoungGen      total 55808K, used 0K [0x00000000f5580000, 0x00000000ffc80000, 0x0000000100000000)
  eden space 55296K, 0% used [0x00000000f5580000,0x00000000f5580000,0x00000000f8b80000)
  from space 512K, 0% used [0x00000000f8c00000,0x00000000f8c00000,0x00000000f8c80000)
  to   space 57856K, 0% used [0x00000000fc400000,0x00000000fc400000,0x00000000ffc80000)
 ParOldGen       total 349696K, used 318542K [0x00000000e0000000, 0x00000000f5580000, 0x00000000f5580000)
  object space 349696K, 91% used [0x00000000e0000000,0x00000000f3713a10,0x00000000f5580000)
 Metaspace       used 37112K, capacity 37505K, committed 38016K, reserved 1083392K
  class space    used 4560K, capacity 4658K, committed 4736K, reserved 1048576K
Event: 2515.582 GC heap after
Heap after GC invocations=20 (full 6):
 PSYoungGen      total 114176K, used 0K [0x00000000f5580000, 0x0000000100000000, 0x0000000100000000)
  eden space 56320K, 0% used [0x00000000f5580000,0x00000000f5580000,0x00000000f8c80000)
  from space 57856K, 0% used [0x00000000fc400000,0x00000000fc400000,0x00000000ffc80000)
  to   space 56832K, 0% used [0x00000000f8c80000,0x00000000f8c80000,0x00000000fc400000)
 ParOldGen       total 349696K, used 318542K [0x00000000e0000000, 0x00000000f5580000, 0x00000000f5580000)
  object space 349696K, 91% used [0x00000000e0000000,0x00000000f3713a10,0x00000000f5580000)
 Metaspace       used 37112K, capacity 37505K, committed 38016K, reserved 1083392K
  class space    used 4560K, capacity 4658K, committed 4736K, reserved 1048576K
}
Event: 2515.582 GC heap before
{Heap before GC invocations=21 (full 7):
 PSYoungGen      total 114176K, used 0K [0x00000000f5580000, 0x0000000100000000, 0x0000000100000000)
  eden space 56320K, 0% used [0x00000000f5580000,0x00000000f5580000,0x00000000f8c80000)
  from space 57856K, 0% used [0x00000000fc400000,0x00000000fc400000,0x00000000ffc80000)
  to   space 56832K, 0% used [0x00000000f8c80000,0x00000000f8c80000,0x00000000fc400000)
 ParOldGen       total 349696K, used 318542K [0x00000000e0000000, 0x00000000f5580000, 0x00000000f5580000)
  object space 349696K, 91% used [0x00000000e0000000,0x00000000f3713a10,0x00000000f5580000)
 Metaspace       used 37112K, capacity 37505K, committed 38016K, reserved 1083392K
  class space    used 4560K, capacity 4658K, committed 4736K, reserved 1048576K
Event: 2515.701 GC heap after
Heap after GC invocations=21 (full 7):
 PSYoungGen      total 114176K, used 0K [0x00000000f5580000, 0x0000000100000000, 0x0000000100000000)
  eden space 56320K, 0% used [0x00000000f5580000,0x00000000f5580000,0x00000000f8c80000)
  from space 57856K, 0% used [0x00000000fc400000,0x00000000fc400000,0x00000000ffc80000)
  to   space 56832K, 0% used [0x00000000f8c80000,0x00000000f8c80000,0x00000000fc400000)
 ParOldGen       total 349696K, used 310912K [0x00000000e0000000, 0x00000000f5580000, 0x00000000f5580000)
  object space 349696K, 88% used [0x00000000e0000000,0x00000000f2fa0050,0x00000000f5580000)
 Metaspace       used 37102K, capacity 37487K, committed 38016K, reserved 1083392K
  class space    used 4559K, capacity 4655K, committed 4736K, reserved 1048576K
}

